{
  "stats": {
    "suites": 1,
    "tests": 7,
    "passes": 7,
    "pending": 0,
    "failures": 0,
    "start": "2023-06-12T06:55:23.469Z",
    "end": "2023-06-12T06:57:19.971Z",
    "duration": 116502,
    "testsRegistered": 7,
    "passPercent": 100,
    "pendingPercent": 0,
    "other": 0,
    "hasOther": false,
    "skipped": 0,
    "hasSkipped": false
  },
  "results": [
    {
      "uuid": "e5bddfbc-17d4-4f1d-a987-944061142d8e",
      "title": "",
      "fullFile": "cypress\\e2e\\features\\dashboard.feature",
      "file": "cypress\\e2e\\features\\dashboard.feature",
      "beforeHooks": [],
      "afterHooks": [],
      "tests": [],
      "suites": [
        {
          "uuid": "13adeef7-356d-4281-89a4-821986fb97c2",
          "title": "Dashboard Page",
          "fullFile": "",
          "file": "",
          "beforeHooks": [],
          "afterHooks": [],
          "tests": [
            {
              "title": "Transport Providers Dropdown",
              "fullTitle": "Dashboard Page Transport Providers Dropdown",
              "timedOut": null,
              "duration": 22923,
              "state": "passed",
              "speed": "slow",
              "pass": true,
              "fail": false,
              "pending": false,
              "context": null,
              "code": "var _a, _b, _c, _d, _e;\nconst { remainingSteps, testCaseStartedId } = retrieveInternalSpecProperties();\nif (context.messagesEnabled) {\n    taskTestCaseStarted({\n        id: testCaseStartedId,\n        testCaseId,\n        attempt: attempt++,\n        timestamp: (0, messages_1.createTimestamp)(),\n    });\n}\nwindow.testState = {\n    gherkinDocument,\n    pickles,\n    pickle,\n};\nfor (const step of steps) {\n    if (step.hook) {\n        const hook = step.hook;\n        cy.then(() => {\n            delete window.testState.pickleStep;\n            const start = (0, messages_1.createTimestamp)();\n            if (context.messagesEnabled) {\n                taskTestStepStarted({\n                    testStepId: hook.id,\n                    testCaseStartedId,\n                    timestamp: start,\n                });\n            }\n            return cy.wrap(start, { log: false });\n        })\n            .then((start) => {\n            (0, cypress_1.runStepWithLogGroup)({\n                fn: () => registry.runHook(this, hook),\n                keyword: hook.keyword,\n                text: hook.tags,\n            });\n            return cy.wrap(start, { log: false });\n        })\n            .then((start) => {\n            const end = (0, messages_1.createTimestamp)();\n            if (context.messagesEnabled) {\n                taskTestStepFinished({\n                    testStepId: hook.id,\n                    testCaseStartedId,\n                    testStepResult: {\n                        status: messages.TestStepResultStatus.PASSED,\n                        duration: (0, messages_1.duration)(start, end),\n                    },\n                    timestamp: end,\n                });\n            }\n            remainingSteps.shift();\n        });\n    }\n    else if (step.pickleStep) {\n        const pickleStep = step.pickleStep;\n        const text = (0, assertions_1.assertAndReturn)(pickleStep.text, \"Expected pickle step to have a text\");\n        const scenarioStep = (0, assertions_1.assertAndReturn)(context.astIdsMap.get((0, assertions_1.assertAndReturn)((_a = pickleStep.astNodeIds) === null || _a === void 0 ? void 0 : _a[0], \"Expected to find at least one astNodeId\")), `Expected to find scenario step associated with id = ${(_b = pickleStep.astNodeIds) === null || _b === void 0 ? void 0 : _b[0]}`);\n        const argument = ((_c = pickleStep.argument) === null || _c === void 0 ? void 0 : _c.dataTable)\n            ? new data_table_1.default(pickleStep.argument.dataTable)\n            : ((_e = (_d = pickleStep.argument) === null || _d === void 0 ? void 0 : _d.docString) === null || _e === void 0 ? void 0 : _e.content)\n                ? pickleStep.argument.docString.content\n                : undefined;\n        cy.then(() => {\n            window.testState.pickleStep = step.pickleStep;\n            internalProperties.currentStep = { pickleStep };\n            const start = (0, messages_1.createTimestamp)();\n            if (context.messagesEnabled) {\n                taskTestStepStarted({\n                    testStepId: pickleStep.id,\n                    testCaseStartedId,\n                    timestamp: start,\n                });\n            }\n            return cy.wrap(start, { log: false });\n        })\n            .then((start) => {\n            try {\n                return (0, cypress_1.runStepWithLogGroup)({\n                    keyword: (0, assertions_1.assertAndReturn)(\"keyword\" in scenarioStep && scenarioStep.keyword, \"Expected to find a keyword in the scenario step\"),\n                    text,\n                    fn: () => registry.runStepDefininition(this, text, argument),\n                }).then((result) => {\n                    return {\n                        start,\n                        result,\n                    };\n                });\n            }\n            catch (e) {\n                if (e instanceof registry_1.MissingDefinitionError) {\n                    throw new Error(createMissingStepDefinitionMessage(context, pickleStep, context.registry.parameterTypeRegistry));\n                }\n                else {\n                    throw e;\n                }\n            }\n        })\n            .then(({ start, result }) => {\n            var _a, _b, _c;\n            const end = (0, messages_1.createTimestamp)();\n            if (result === \"pending\") {\n                if (context.messagesEnabled) {\n                    taskTestStepFinished({\n                        testStepId: pickleStep.id,\n                        testCaseStartedId,\n                        testStepResult: {\n                            status: messages.TestStepResultStatus.PENDING,\n                            duration: (0, messages_1.duration)(start, end),\n                        },\n                        timestamp: end,\n                    });\n                    remainingSteps.shift();\n                    for (const skippedStep of remainingSteps) {\n                        const testStepId = (0, assertions_1.assertAndReturn)((_b = (_a = skippedStep.hook) === null || _a === void 0 ? void 0 : _a.id) !== null && _b !== void 0 ? _b : (_c = skippedStep.pickleStep) === null || _c === void 0 ? void 0 : _c.id, \"Expected a step to either be a hook or a pickleStep\");\n                        taskTestStepStarted({\n                            testStepId,\n                            testCaseStartedId,\n                            timestamp: (0, messages_1.createTimestamp)(),\n                        });\n                        taskTestStepFinished({\n                            testStepId,\n                            testCaseStartedId,\n                            testStepResult: {\n                                status: messages.TestStepResultStatus.SKIPPED,\n                                duration: {\n                                    seconds: 0,\n                                    nanos: 0,\n                                },\n                            },\n                            timestamp: (0, messages_1.createTimestamp)(),\n                        });\n                    }\n                }\n                for (let i = 0, count = remainingSteps.length; i < count; i++) {\n                    remainingSteps.pop();\n                }\n                cy.then(() => this.skip());\n            }\n            else {\n                if (context.messagesEnabled) {\n                    taskTestStepFinished({\n                        testStepId: pickleStep.id,\n                        testCaseStartedId,\n                        testStepResult: {\n                            status: messages.TestStepResultStatus.PASSED,\n                            duration: (0, messages_1.duration)(start, end),\n                        },\n                        timestamp: end,\n                    });\n                }\n                remainingSteps.shift();\n            }\n        });\n    }\n}",
              "err": {},
              "uuid": "864c4dd6-3754-433a-95b1-3a69a3bafbcb",
              "parentUUID": "13adeef7-356d-4281-89a4-821986fb97c2",
              "isHook": false,
              "skipped": false
            },
            {
              "title": "Categories Dropdown",
              "fullTitle": "Dashboard Page Categories Dropdown",
              "timedOut": null,
              "duration": 16262,
              "state": "passed",
              "speed": "slow",
              "pass": true,
              "fail": false,
              "pending": false,
              "context": null,
              "code": "var _a, _b, _c, _d, _e;\nconst { remainingSteps, testCaseStartedId } = retrieveInternalSpecProperties();\nif (context.messagesEnabled) {\n    taskTestCaseStarted({\n        id: testCaseStartedId,\n        testCaseId,\n        attempt: attempt++,\n        timestamp: (0, messages_1.createTimestamp)(),\n    });\n}\nwindow.testState = {\n    gherkinDocument,\n    pickles,\n    pickle,\n};\nfor (const step of steps) {\n    if (step.hook) {\n        const hook = step.hook;\n        cy.then(() => {\n            delete window.testState.pickleStep;\n            const start = (0, messages_1.createTimestamp)();\n            if (context.messagesEnabled) {\n                taskTestStepStarted({\n                    testStepId: hook.id,\n                    testCaseStartedId,\n                    timestamp: start,\n                });\n            }\n            return cy.wrap(start, { log: false });\n        })\n            .then((start) => {\n            (0, cypress_1.runStepWithLogGroup)({\n                fn: () => registry.runHook(this, hook),\n                keyword: hook.keyword,\n                text: hook.tags,\n            });\n            return cy.wrap(start, { log: false });\n        })\n            .then((start) => {\n            const end = (0, messages_1.createTimestamp)();\n            if (context.messagesEnabled) {\n                taskTestStepFinished({\n                    testStepId: hook.id,\n                    testCaseStartedId,\n                    testStepResult: {\n                        status: messages.TestStepResultStatus.PASSED,\n                        duration: (0, messages_1.duration)(start, end),\n                    },\n                    timestamp: end,\n                });\n            }\n            remainingSteps.shift();\n        });\n    }\n    else if (step.pickleStep) {\n        const pickleStep = step.pickleStep;\n        const text = (0, assertions_1.assertAndReturn)(pickleStep.text, \"Expected pickle step to have a text\");\n        const scenarioStep = (0, assertions_1.assertAndReturn)(context.astIdsMap.get((0, assertions_1.assertAndReturn)((_a = pickleStep.astNodeIds) === null || _a === void 0 ? void 0 : _a[0], \"Expected to find at least one astNodeId\")), `Expected to find scenario step associated with id = ${(_b = pickleStep.astNodeIds) === null || _b === void 0 ? void 0 : _b[0]}`);\n        const argument = ((_c = pickleStep.argument) === null || _c === void 0 ? void 0 : _c.dataTable)\n            ? new data_table_1.default(pickleStep.argument.dataTable)\n            : ((_e = (_d = pickleStep.argument) === null || _d === void 0 ? void 0 : _d.docString) === null || _e === void 0 ? void 0 : _e.content)\n                ? pickleStep.argument.docString.content\n                : undefined;\n        cy.then(() => {\n            window.testState.pickleStep = step.pickleStep;\n            internalProperties.currentStep = { pickleStep };\n            const start = (0, messages_1.createTimestamp)();\n            if (context.messagesEnabled) {\n                taskTestStepStarted({\n                    testStepId: pickleStep.id,\n                    testCaseStartedId,\n                    timestamp: start,\n                });\n            }\n            return cy.wrap(start, { log: false });\n        })\n            .then((start) => {\n            try {\n                return (0, cypress_1.runStepWithLogGroup)({\n                    keyword: (0, assertions_1.assertAndReturn)(\"keyword\" in scenarioStep && scenarioStep.keyword, \"Expected to find a keyword in the scenario step\"),\n                    text,\n                    fn: () => registry.runStepDefininition(this, text, argument),\n                }).then((result) => {\n                    return {\n                        start,\n                        result,\n                    };\n                });\n            }\n            catch (e) {\n                if (e instanceof registry_1.MissingDefinitionError) {\n                    throw new Error(createMissingStepDefinitionMessage(context, pickleStep, context.registry.parameterTypeRegistry));\n                }\n                else {\n                    throw e;\n                }\n            }\n        })\n            .then(({ start, result }) => {\n            var _a, _b, _c;\n            const end = (0, messages_1.createTimestamp)();\n            if (result === \"pending\") {\n                if (context.messagesEnabled) {\n                    taskTestStepFinished({\n                        testStepId: pickleStep.id,\n                        testCaseStartedId,\n                        testStepResult: {\n                            status: messages.TestStepResultStatus.PENDING,\n                            duration: (0, messages_1.duration)(start, end),\n                        },\n                        timestamp: end,\n                    });\n                    remainingSteps.shift();\n                    for (const skippedStep of remainingSteps) {\n                        const testStepId = (0, assertions_1.assertAndReturn)((_b = (_a = skippedStep.hook) === null || _a === void 0 ? void 0 : _a.id) !== null && _b !== void 0 ? _b : (_c = skippedStep.pickleStep) === null || _c === void 0 ? void 0 : _c.id, \"Expected a step to either be a hook or a pickleStep\");\n                        taskTestStepStarted({\n                            testStepId,\n                            testCaseStartedId,\n                            timestamp: (0, messages_1.createTimestamp)(),\n                        });\n                        taskTestStepFinished({\n                            testStepId,\n                            testCaseStartedId,\n                            testStepResult: {\n                                status: messages.TestStepResultStatus.SKIPPED,\n                                duration: {\n                                    seconds: 0,\n                                    nanos: 0,\n                                },\n                            },\n                            timestamp: (0, messages_1.createTimestamp)(),\n                        });\n                    }\n                }\n                for (let i = 0, count = remainingSteps.length; i < count; i++) {\n                    remainingSteps.pop();\n                }\n                cy.then(() => this.skip());\n            }\n            else {\n                if (context.messagesEnabled) {\n                    taskTestStepFinished({\n                        testStepId: pickleStep.id,\n                        testCaseStartedId,\n                        testStepResult: {\n                            status: messages.TestStepResultStatus.PASSED,\n                            duration: (0, messages_1.duration)(start, end),\n                        },\n                        timestamp: end,\n                    });\n                }\n                remainingSteps.shift();\n            }\n        });\n    }\n}",
              "err": {},
              "uuid": "89d708fb-4f79-4e2e-b400-74823cf89d81",
              "parentUUID": "13adeef7-356d-4281-89a4-821986fb97c2",
              "isHook": false,
              "skipped": false
            },
            {
              "title": "SLA Dropdown",
              "fullTitle": "Dashboard Page SLA Dropdown",
              "timedOut": null,
              "duration": 18259,
              "state": "passed",
              "speed": "slow",
              "pass": true,
              "fail": false,
              "pending": false,
              "context": null,
              "code": "var _a, _b, _c, _d, _e;\nconst { remainingSteps, testCaseStartedId } = retrieveInternalSpecProperties();\nif (context.messagesEnabled) {\n    taskTestCaseStarted({\n        id: testCaseStartedId,\n        testCaseId,\n        attempt: attempt++,\n        timestamp: (0, messages_1.createTimestamp)(),\n    });\n}\nwindow.testState = {\n    gherkinDocument,\n    pickles,\n    pickle,\n};\nfor (const step of steps) {\n    if (step.hook) {\n        const hook = step.hook;\n        cy.then(() => {\n            delete window.testState.pickleStep;\n            const start = (0, messages_1.createTimestamp)();\n            if (context.messagesEnabled) {\n                taskTestStepStarted({\n                    testStepId: hook.id,\n                    testCaseStartedId,\n                    timestamp: start,\n                });\n            }\n            return cy.wrap(start, { log: false });\n        })\n            .then((start) => {\n            (0, cypress_1.runStepWithLogGroup)({\n                fn: () => registry.runHook(this, hook),\n                keyword: hook.keyword,\n                text: hook.tags,\n            });\n            return cy.wrap(start, { log: false });\n        })\n            .then((start) => {\n            const end = (0, messages_1.createTimestamp)();\n            if (context.messagesEnabled) {\n                taskTestStepFinished({\n                    testStepId: hook.id,\n                    testCaseStartedId,\n                    testStepResult: {\n                        status: messages.TestStepResultStatus.PASSED,\n                        duration: (0, messages_1.duration)(start, end),\n                    },\n                    timestamp: end,\n                });\n            }\n            remainingSteps.shift();\n        });\n    }\n    else if (step.pickleStep) {\n        const pickleStep = step.pickleStep;\n        const text = (0, assertions_1.assertAndReturn)(pickleStep.text, \"Expected pickle step to have a text\");\n        const scenarioStep = (0, assertions_1.assertAndReturn)(context.astIdsMap.get((0, assertions_1.assertAndReturn)((_a = pickleStep.astNodeIds) === null || _a === void 0 ? void 0 : _a[0], \"Expected to find at least one astNodeId\")), `Expected to find scenario step associated with id = ${(_b = pickleStep.astNodeIds) === null || _b === void 0 ? void 0 : _b[0]}`);\n        const argument = ((_c = pickleStep.argument) === null || _c === void 0 ? void 0 : _c.dataTable)\n            ? new data_table_1.default(pickleStep.argument.dataTable)\n            : ((_e = (_d = pickleStep.argument) === null || _d === void 0 ? void 0 : _d.docString) === null || _e === void 0 ? void 0 : _e.content)\n                ? pickleStep.argument.docString.content\n                : undefined;\n        cy.then(() => {\n            window.testState.pickleStep = step.pickleStep;\n            internalProperties.currentStep = { pickleStep };\n            const start = (0, messages_1.createTimestamp)();\n            if (context.messagesEnabled) {\n                taskTestStepStarted({\n                    testStepId: pickleStep.id,\n                    testCaseStartedId,\n                    timestamp: start,\n                });\n            }\n            return cy.wrap(start, { log: false });\n        })\n            .then((start) => {\n            try {\n                return (0, cypress_1.runStepWithLogGroup)({\n                    keyword: (0, assertions_1.assertAndReturn)(\"keyword\" in scenarioStep && scenarioStep.keyword, \"Expected to find a keyword in the scenario step\"),\n                    text,\n                    fn: () => registry.runStepDefininition(this, text, argument),\n                }).then((result) => {\n                    return {\n                        start,\n                        result,\n                    };\n                });\n            }\n            catch (e) {\n                if (e instanceof registry_1.MissingDefinitionError) {\n                    throw new Error(createMissingStepDefinitionMessage(context, pickleStep, context.registry.parameterTypeRegistry));\n                }\n                else {\n                    throw e;\n                }\n            }\n        })\n            .then(({ start, result }) => {\n            var _a, _b, _c;\n            const end = (0, messages_1.createTimestamp)();\n            if (result === \"pending\") {\n                if (context.messagesEnabled) {\n                    taskTestStepFinished({\n                        testStepId: pickleStep.id,\n                        testCaseStartedId,\n                        testStepResult: {\n                            status: messages.TestStepResultStatus.PENDING,\n                            duration: (0, messages_1.duration)(start, end),\n                        },\n                        timestamp: end,\n                    });\n                    remainingSteps.shift();\n                    for (const skippedStep of remainingSteps) {\n                        const testStepId = (0, assertions_1.assertAndReturn)((_b = (_a = skippedStep.hook) === null || _a === void 0 ? void 0 : _a.id) !== null && _b !== void 0 ? _b : (_c = skippedStep.pickleStep) === null || _c === void 0 ? void 0 : _c.id, \"Expected a step to either be a hook or a pickleStep\");\n                        taskTestStepStarted({\n                            testStepId,\n                            testCaseStartedId,\n                            timestamp: (0, messages_1.createTimestamp)(),\n                        });\n                        taskTestStepFinished({\n                            testStepId,\n                            testCaseStartedId,\n                            testStepResult: {\n                                status: messages.TestStepResultStatus.SKIPPED,\n                                duration: {\n                                    seconds: 0,\n                                    nanos: 0,\n                                },\n                            },\n                            timestamp: (0, messages_1.createTimestamp)(),\n                        });\n                    }\n                }\n                for (let i = 0, count = remainingSteps.length; i < count; i++) {\n                    remainingSteps.pop();\n                }\n                cy.then(() => this.skip());\n            }\n            else {\n                if (context.messagesEnabled) {\n                    taskTestStepFinished({\n                        testStepId: pickleStep.id,\n                        testCaseStartedId,\n                        testStepResult: {\n                            status: messages.TestStepResultStatus.PASSED,\n                            duration: (0, messages_1.duration)(start, end),\n                        },\n                        timestamp: end,\n                    });\n                }\n                remainingSteps.shift();\n            }\n        });\n    }\n}",
              "err": {},
              "uuid": "279fbda5-5a1d-4c4d-9a85-e6d4b5d0a862",
              "parentUUID": "13adeef7-356d-4281-89a4-821986fb97c2",
              "isHook": false,
              "skipped": false
            },
            {
              "title": "Regions Dropdown",
              "fullTitle": "Dashboard Page Regions Dropdown",
              "timedOut": null,
              "duration": 15853,
              "state": "passed",
              "speed": "slow",
              "pass": true,
              "fail": false,
              "pending": false,
              "context": null,
              "code": "var _a, _b, _c, _d, _e;\nconst { remainingSteps, testCaseStartedId } = retrieveInternalSpecProperties();\nif (context.messagesEnabled) {\n    taskTestCaseStarted({\n        id: testCaseStartedId,\n        testCaseId,\n        attempt: attempt++,\n        timestamp: (0, messages_1.createTimestamp)(),\n    });\n}\nwindow.testState = {\n    gherkinDocument,\n    pickles,\n    pickle,\n};\nfor (const step of steps) {\n    if (step.hook) {\n        const hook = step.hook;\n        cy.then(() => {\n            delete window.testState.pickleStep;\n            const start = (0, messages_1.createTimestamp)();\n            if (context.messagesEnabled) {\n                taskTestStepStarted({\n                    testStepId: hook.id,\n                    testCaseStartedId,\n                    timestamp: start,\n                });\n            }\n            return cy.wrap(start, { log: false });\n        })\n            .then((start) => {\n            (0, cypress_1.runStepWithLogGroup)({\n                fn: () => registry.runHook(this, hook),\n                keyword: hook.keyword,\n                text: hook.tags,\n            });\n            return cy.wrap(start, { log: false });\n        })\n            .then((start) => {\n            const end = (0, messages_1.createTimestamp)();\n            if (context.messagesEnabled) {\n                taskTestStepFinished({\n                    testStepId: hook.id,\n                    testCaseStartedId,\n                    testStepResult: {\n                        status: messages.TestStepResultStatus.PASSED,\n                        duration: (0, messages_1.duration)(start, end),\n                    },\n                    timestamp: end,\n                });\n            }\n            remainingSteps.shift();\n        });\n    }\n    else if (step.pickleStep) {\n        const pickleStep = step.pickleStep;\n        const text = (0, assertions_1.assertAndReturn)(pickleStep.text, \"Expected pickle step to have a text\");\n        const scenarioStep = (0, assertions_1.assertAndReturn)(context.astIdsMap.get((0, assertions_1.assertAndReturn)((_a = pickleStep.astNodeIds) === null || _a === void 0 ? void 0 : _a[0], \"Expected to find at least one astNodeId\")), `Expected to find scenario step associated with id = ${(_b = pickleStep.astNodeIds) === null || _b === void 0 ? void 0 : _b[0]}`);\n        const argument = ((_c = pickleStep.argument) === null || _c === void 0 ? void 0 : _c.dataTable)\n            ? new data_table_1.default(pickleStep.argument.dataTable)\n            : ((_e = (_d = pickleStep.argument) === null || _d === void 0 ? void 0 : _d.docString) === null || _e === void 0 ? void 0 : _e.content)\n                ? pickleStep.argument.docString.content\n                : undefined;\n        cy.then(() => {\n            window.testState.pickleStep = step.pickleStep;\n            internalProperties.currentStep = { pickleStep };\n            const start = (0, messages_1.createTimestamp)();\n            if (context.messagesEnabled) {\n                taskTestStepStarted({\n                    testStepId: pickleStep.id,\n                    testCaseStartedId,\n                    timestamp: start,\n                });\n            }\n            return cy.wrap(start, { log: false });\n        })\n            .then((start) => {\n            try {\n                return (0, cypress_1.runStepWithLogGroup)({\n                    keyword: (0, assertions_1.assertAndReturn)(\"keyword\" in scenarioStep && scenarioStep.keyword, \"Expected to find a keyword in the scenario step\"),\n                    text,\n                    fn: () => registry.runStepDefininition(this, text, argument),\n                }).then((result) => {\n                    return {\n                        start,\n                        result,\n                    };\n                });\n            }\n            catch (e) {\n                if (e instanceof registry_1.MissingDefinitionError) {\n                    throw new Error(createMissingStepDefinitionMessage(context, pickleStep, context.registry.parameterTypeRegistry));\n                }\n                else {\n                    throw e;\n                }\n            }\n        })\n            .then(({ start, result }) => {\n            var _a, _b, _c;\n            const end = (0, messages_1.createTimestamp)();\n            if (result === \"pending\") {\n                if (context.messagesEnabled) {\n                    taskTestStepFinished({\n                        testStepId: pickleStep.id,\n                        testCaseStartedId,\n                        testStepResult: {\n                            status: messages.TestStepResultStatus.PENDING,\n                            duration: (0, messages_1.duration)(start, end),\n                        },\n                        timestamp: end,\n                    });\n                    remainingSteps.shift();\n                    for (const skippedStep of remainingSteps) {\n                        const testStepId = (0, assertions_1.assertAndReturn)((_b = (_a = skippedStep.hook) === null || _a === void 0 ? void 0 : _a.id) !== null && _b !== void 0 ? _b : (_c = skippedStep.pickleStep) === null || _c === void 0 ? void 0 : _c.id, \"Expected a step to either be a hook or a pickleStep\");\n                        taskTestStepStarted({\n                            testStepId,\n                            testCaseStartedId,\n                            timestamp: (0, messages_1.createTimestamp)(),\n                        });\n                        taskTestStepFinished({\n                            testStepId,\n                            testCaseStartedId,\n                            testStepResult: {\n                                status: messages.TestStepResultStatus.SKIPPED,\n                                duration: {\n                                    seconds: 0,\n                                    nanos: 0,\n                                },\n                            },\n                            timestamp: (0, messages_1.createTimestamp)(),\n                        });\n                    }\n                }\n                for (let i = 0, count = remainingSteps.length; i < count; i++) {\n                    remainingSteps.pop();\n                }\n                cy.then(() => this.skip());\n            }\n            else {\n                if (context.messagesEnabled) {\n                    taskTestStepFinished({\n                        testStepId: pickleStep.id,\n                        testCaseStartedId,\n                        testStepResult: {\n                            status: messages.TestStepResultStatus.PASSED,\n                            duration: (0, messages_1.duration)(start, end),\n                        },\n                        timestamp: end,\n                    });\n                }\n                remainingSteps.shift();\n            }\n        });\n    }\n}",
              "err": {},
              "uuid": "9452ce90-760b-4b94-87ff-5ecc2743cbca",
              "parentUUID": "13adeef7-356d-4281-89a4-821986fb97c2",
              "isHook": false,
              "skipped": false
            },
            {
              "title": "Info Icons",
              "fullTitle": "Dashboard Page Info Icons",
              "timedOut": null,
              "duration": 10983,
              "state": "passed",
              "speed": "slow",
              "pass": true,
              "fail": false,
              "pending": false,
              "context": null,
              "code": "var _a, _b, _c, _d, _e;\nconst { remainingSteps, testCaseStartedId } = retrieveInternalSpecProperties();\nif (context.messagesEnabled) {\n    taskTestCaseStarted({\n        id: testCaseStartedId,\n        testCaseId,\n        attempt: attempt++,\n        timestamp: (0, messages_1.createTimestamp)(),\n    });\n}\nwindow.testState = {\n    gherkinDocument,\n    pickles,\n    pickle,\n};\nfor (const step of steps) {\n    if (step.hook) {\n        const hook = step.hook;\n        cy.then(() => {\n            delete window.testState.pickleStep;\n            const start = (0, messages_1.createTimestamp)();\n            if (context.messagesEnabled) {\n                taskTestStepStarted({\n                    testStepId: hook.id,\n                    testCaseStartedId,\n                    timestamp: start,\n                });\n            }\n            return cy.wrap(start, { log: false });\n        })\n            .then((start) => {\n            (0, cypress_1.runStepWithLogGroup)({\n                fn: () => registry.runHook(this, hook),\n                keyword: hook.keyword,\n                text: hook.tags,\n            });\n            return cy.wrap(start, { log: false });\n        })\n            .then((start) => {\n            const end = (0, messages_1.createTimestamp)();\n            if (context.messagesEnabled) {\n                taskTestStepFinished({\n                    testStepId: hook.id,\n                    testCaseStartedId,\n                    testStepResult: {\n                        status: messages.TestStepResultStatus.PASSED,\n                        duration: (0, messages_1.duration)(start, end),\n                    },\n                    timestamp: end,\n                });\n            }\n            remainingSteps.shift();\n        });\n    }\n    else if (step.pickleStep) {\n        const pickleStep = step.pickleStep;\n        const text = (0, assertions_1.assertAndReturn)(pickleStep.text, \"Expected pickle step to have a text\");\n        const scenarioStep = (0, assertions_1.assertAndReturn)(context.astIdsMap.get((0, assertions_1.assertAndReturn)((_a = pickleStep.astNodeIds) === null || _a === void 0 ? void 0 : _a[0], \"Expected to find at least one astNodeId\")), `Expected to find scenario step associated with id = ${(_b = pickleStep.astNodeIds) === null || _b === void 0 ? void 0 : _b[0]}`);\n        const argument = ((_c = pickleStep.argument) === null || _c === void 0 ? void 0 : _c.dataTable)\n            ? new data_table_1.default(pickleStep.argument.dataTable)\n            : ((_e = (_d = pickleStep.argument) === null || _d === void 0 ? void 0 : _d.docString) === null || _e === void 0 ? void 0 : _e.content)\n                ? pickleStep.argument.docString.content\n                : undefined;\n        cy.then(() => {\n            window.testState.pickleStep = step.pickleStep;\n            internalProperties.currentStep = { pickleStep };\n            const start = (0, messages_1.createTimestamp)();\n            if (context.messagesEnabled) {\n                taskTestStepStarted({\n                    testStepId: pickleStep.id,\n                    testCaseStartedId,\n                    timestamp: start,\n                });\n            }\n            return cy.wrap(start, { log: false });\n        })\n            .then((start) => {\n            try {\n                return (0, cypress_1.runStepWithLogGroup)({\n                    keyword: (0, assertions_1.assertAndReturn)(\"keyword\" in scenarioStep && scenarioStep.keyword, \"Expected to find a keyword in the scenario step\"),\n                    text,\n                    fn: () => registry.runStepDefininition(this, text, argument),\n                }).then((result) => {\n                    return {\n                        start,\n                        result,\n                    };\n                });\n            }\n            catch (e) {\n                if (e instanceof registry_1.MissingDefinitionError) {\n                    throw new Error(createMissingStepDefinitionMessage(context, pickleStep, context.registry.parameterTypeRegistry));\n                }\n                else {\n                    throw e;\n                }\n            }\n        })\n            .then(({ start, result }) => {\n            var _a, _b, _c;\n            const end = (0, messages_1.createTimestamp)();\n            if (result === \"pending\") {\n                if (context.messagesEnabled) {\n                    taskTestStepFinished({\n                        testStepId: pickleStep.id,\n                        testCaseStartedId,\n                        testStepResult: {\n                            status: messages.TestStepResultStatus.PENDING,\n                            duration: (0, messages_1.duration)(start, end),\n                        },\n                        timestamp: end,\n                    });\n                    remainingSteps.shift();\n                    for (const skippedStep of remainingSteps) {\n                        const testStepId = (0, assertions_1.assertAndReturn)((_b = (_a = skippedStep.hook) === null || _a === void 0 ? void 0 : _a.id) !== null && _b !== void 0 ? _b : (_c = skippedStep.pickleStep) === null || _c === void 0 ? void 0 : _c.id, \"Expected a step to either be a hook or a pickleStep\");\n                        taskTestStepStarted({\n                            testStepId,\n                            testCaseStartedId,\n                            timestamp: (0, messages_1.createTimestamp)(),\n                        });\n                        taskTestStepFinished({\n                            testStepId,\n                            testCaseStartedId,\n                            testStepResult: {\n                                status: messages.TestStepResultStatus.SKIPPED,\n                                duration: {\n                                    seconds: 0,\n                                    nanos: 0,\n                                },\n                            },\n                            timestamp: (0, messages_1.createTimestamp)(),\n                        });\n                    }\n                }\n                for (let i = 0, count = remainingSteps.length; i < count; i++) {\n                    remainingSteps.pop();\n                }\n                cy.then(() => this.skip());\n            }\n            else {\n                if (context.messagesEnabled) {\n                    taskTestStepFinished({\n                        testStepId: pickleStep.id,\n                        testCaseStartedId,\n                        testStepResult: {\n                            status: messages.TestStepResultStatus.PASSED,\n                            duration: (0, messages_1.duration)(start, end),\n                        },\n                        timestamp: end,\n                    });\n                }\n                remainingSteps.shift();\n            }\n        });\n    }\n}",
              "err": {},
              "uuid": "4f7d656b-35d1-4f26-81bd-30255c88e8d1",
              "parentUUID": "13adeef7-356d-4281-89a4-821986fb97c2",
              "isHook": false,
              "skipped": false
            },
            {
              "title": "Full Screen",
              "fullTitle": "Dashboard Page Full Screen",
              "timedOut": null,
              "duration": 16145,
              "state": "passed",
              "speed": "slow",
              "pass": true,
              "fail": false,
              "pending": false,
              "context": null,
              "code": "var _a, _b, _c, _d, _e;\nconst { remainingSteps, testCaseStartedId } = retrieveInternalSpecProperties();\nif (context.messagesEnabled) {\n    taskTestCaseStarted({\n        id: testCaseStartedId,\n        testCaseId,\n        attempt: attempt++,\n        timestamp: (0, messages_1.createTimestamp)(),\n    });\n}\nwindow.testState = {\n    gherkinDocument,\n    pickles,\n    pickle,\n};\nfor (const step of steps) {\n    if (step.hook) {\n        const hook = step.hook;\n        cy.then(() => {\n            delete window.testState.pickleStep;\n            const start = (0, messages_1.createTimestamp)();\n            if (context.messagesEnabled) {\n                taskTestStepStarted({\n                    testStepId: hook.id,\n                    testCaseStartedId,\n                    timestamp: start,\n                });\n            }\n            return cy.wrap(start, { log: false });\n        })\n            .then((start) => {\n            (0, cypress_1.runStepWithLogGroup)({\n                fn: () => registry.runHook(this, hook),\n                keyword: hook.keyword,\n                text: hook.tags,\n            });\n            return cy.wrap(start, { log: false });\n        })\n            .then((start) => {\n            const end = (0, messages_1.createTimestamp)();\n            if (context.messagesEnabled) {\n                taskTestStepFinished({\n                    testStepId: hook.id,\n                    testCaseStartedId,\n                    testStepResult: {\n                        status: messages.TestStepResultStatus.PASSED,\n                        duration: (0, messages_1.duration)(start, end),\n                    },\n                    timestamp: end,\n                });\n            }\n            remainingSteps.shift();\n        });\n    }\n    else if (step.pickleStep) {\n        const pickleStep = step.pickleStep;\n        const text = (0, assertions_1.assertAndReturn)(pickleStep.text, \"Expected pickle step to have a text\");\n        const scenarioStep = (0, assertions_1.assertAndReturn)(context.astIdsMap.get((0, assertions_1.assertAndReturn)((_a = pickleStep.astNodeIds) === null || _a === void 0 ? void 0 : _a[0], \"Expected to find at least one astNodeId\")), `Expected to find scenario step associated with id = ${(_b = pickleStep.astNodeIds) === null || _b === void 0 ? void 0 : _b[0]}`);\n        const argument = ((_c = pickleStep.argument) === null || _c === void 0 ? void 0 : _c.dataTable)\n            ? new data_table_1.default(pickleStep.argument.dataTable)\n            : ((_e = (_d = pickleStep.argument) === null || _d === void 0 ? void 0 : _d.docString) === null || _e === void 0 ? void 0 : _e.content)\n                ? pickleStep.argument.docString.content\n                : undefined;\n        cy.then(() => {\n            window.testState.pickleStep = step.pickleStep;\n            internalProperties.currentStep = { pickleStep };\n            const start = (0, messages_1.createTimestamp)();\n            if (context.messagesEnabled) {\n                taskTestStepStarted({\n                    testStepId: pickleStep.id,\n                    testCaseStartedId,\n                    timestamp: start,\n                });\n            }\n            return cy.wrap(start, { log: false });\n        })\n            .then((start) => {\n            try {\n                return (0, cypress_1.runStepWithLogGroup)({\n                    keyword: (0, assertions_1.assertAndReturn)(\"keyword\" in scenarioStep && scenarioStep.keyword, \"Expected to find a keyword in the scenario step\"),\n                    text,\n                    fn: () => registry.runStepDefininition(this, text, argument),\n                }).then((result) => {\n                    return {\n                        start,\n                        result,\n                    };\n                });\n            }\n            catch (e) {\n                if (e instanceof registry_1.MissingDefinitionError) {\n                    throw new Error(createMissingStepDefinitionMessage(context, pickleStep, context.registry.parameterTypeRegistry));\n                }\n                else {\n                    throw e;\n                }\n            }\n        })\n            .then(({ start, result }) => {\n            var _a, _b, _c;\n            const end = (0, messages_1.createTimestamp)();\n            if (result === \"pending\") {\n                if (context.messagesEnabled) {\n                    taskTestStepFinished({\n                        testStepId: pickleStep.id,\n                        testCaseStartedId,\n                        testStepResult: {\n                            status: messages.TestStepResultStatus.PENDING,\n                            duration: (0, messages_1.duration)(start, end),\n                        },\n                        timestamp: end,\n                    });\n                    remainingSteps.shift();\n                    for (const skippedStep of remainingSteps) {\n                        const testStepId = (0, assertions_1.assertAndReturn)((_b = (_a = skippedStep.hook) === null || _a === void 0 ? void 0 : _a.id) !== null && _b !== void 0 ? _b : (_c = skippedStep.pickleStep) === null || _c === void 0 ? void 0 : _c.id, \"Expected a step to either be a hook or a pickleStep\");\n                        taskTestStepStarted({\n                            testStepId,\n                            testCaseStartedId,\n                            timestamp: (0, messages_1.createTimestamp)(),\n                        });\n                        taskTestStepFinished({\n                            testStepId,\n                            testCaseStartedId,\n                            testStepResult: {\n                                status: messages.TestStepResultStatus.SKIPPED,\n                                duration: {\n                                    seconds: 0,\n                                    nanos: 0,\n                                },\n                            },\n                            timestamp: (0, messages_1.createTimestamp)(),\n                        });\n                    }\n                }\n                for (let i = 0, count = remainingSteps.length; i < count; i++) {\n                    remainingSteps.pop();\n                }\n                cy.then(() => this.skip());\n            }\n            else {\n                if (context.messagesEnabled) {\n                    taskTestStepFinished({\n                        testStepId: pickleStep.id,\n                        testCaseStartedId,\n                        testStepResult: {\n                            status: messages.TestStepResultStatus.PASSED,\n                            duration: (0, messages_1.duration)(start, end),\n                        },\n                        timestamp: end,\n                    });\n                }\n                remainingSteps.shift();\n            }\n        });\n    }\n}",
              "err": {},
              "uuid": "47621820-937c-4390-b47d-52ac3f68b4cf",
              "parentUUID": "13adeef7-356d-4281-89a4-821986fb97c2",
              "isHook": false,
              "skipped": false
            },
            {
              "title": "Date Dropdown",
              "fullTitle": "Dashboard Page Date Dropdown",
              "timedOut": null,
              "duration": 12745,
              "state": "passed",
              "speed": "slow",
              "pass": true,
              "fail": false,
              "pending": false,
              "context": null,
              "code": "var _a, _b, _c, _d, _e;\nconst { remainingSteps, testCaseStartedId } = retrieveInternalSpecProperties();\nif (context.messagesEnabled) {\n    taskTestCaseStarted({\n        id: testCaseStartedId,\n        testCaseId,\n        attempt: attempt++,\n        timestamp: (0, messages_1.createTimestamp)(),\n    });\n}\nwindow.testState = {\n    gherkinDocument,\n    pickles,\n    pickle,\n};\nfor (const step of steps) {\n    if (step.hook) {\n        const hook = step.hook;\n        cy.then(() => {\n            delete window.testState.pickleStep;\n            const start = (0, messages_1.createTimestamp)();\n            if (context.messagesEnabled) {\n                taskTestStepStarted({\n                    testStepId: hook.id,\n                    testCaseStartedId,\n                    timestamp: start,\n                });\n            }\n            return cy.wrap(start, { log: false });\n        })\n            .then((start) => {\n            (0, cypress_1.runStepWithLogGroup)({\n                fn: () => registry.runHook(this, hook),\n                keyword: hook.keyword,\n                text: hook.tags,\n            });\n            return cy.wrap(start, { log: false });\n        })\n            .then((start) => {\n            const end = (0, messages_1.createTimestamp)();\n            if (context.messagesEnabled) {\n                taskTestStepFinished({\n                    testStepId: hook.id,\n                    testCaseStartedId,\n                    testStepResult: {\n                        status: messages.TestStepResultStatus.PASSED,\n                        duration: (0, messages_1.duration)(start, end),\n                    },\n                    timestamp: end,\n                });\n            }\n            remainingSteps.shift();\n        });\n    }\n    else if (step.pickleStep) {\n        const pickleStep = step.pickleStep;\n        const text = (0, assertions_1.assertAndReturn)(pickleStep.text, \"Expected pickle step to have a text\");\n        const scenarioStep = (0, assertions_1.assertAndReturn)(context.astIdsMap.get((0, assertions_1.assertAndReturn)((_a = pickleStep.astNodeIds) === null || _a === void 0 ? void 0 : _a[0], \"Expected to find at least one astNodeId\")), `Expected to find scenario step associated with id = ${(_b = pickleStep.astNodeIds) === null || _b === void 0 ? void 0 : _b[0]}`);\n        const argument = ((_c = pickleStep.argument) === null || _c === void 0 ? void 0 : _c.dataTable)\n            ? new data_table_1.default(pickleStep.argument.dataTable)\n            : ((_e = (_d = pickleStep.argument) === null || _d === void 0 ? void 0 : _d.docString) === null || _e === void 0 ? void 0 : _e.content)\n                ? pickleStep.argument.docString.content\n                : undefined;\n        cy.then(() => {\n            window.testState.pickleStep = step.pickleStep;\n            internalProperties.currentStep = { pickleStep };\n            const start = (0, messages_1.createTimestamp)();\n            if (context.messagesEnabled) {\n                taskTestStepStarted({\n                    testStepId: pickleStep.id,\n                    testCaseStartedId,\n                    timestamp: start,\n                });\n            }\n            return cy.wrap(start, { log: false });\n        })\n            .then((start) => {\n            try {\n                return (0, cypress_1.runStepWithLogGroup)({\n                    keyword: (0, assertions_1.assertAndReturn)(\"keyword\" in scenarioStep && scenarioStep.keyword, \"Expected to find a keyword in the scenario step\"),\n                    text,\n                    fn: () => registry.runStepDefininition(this, text, argument),\n                }).then((result) => {\n                    return {\n                        start,\n                        result,\n                    };\n                });\n            }\n            catch (e) {\n                if (e instanceof registry_1.MissingDefinitionError) {\n                    throw new Error(createMissingStepDefinitionMessage(context, pickleStep, context.registry.parameterTypeRegistry));\n                }\n                else {\n                    throw e;\n                }\n            }\n        })\n            .then(({ start, result }) => {\n            var _a, _b, _c;\n            const end = (0, messages_1.createTimestamp)();\n            if (result === \"pending\") {\n                if (context.messagesEnabled) {\n                    taskTestStepFinished({\n                        testStepId: pickleStep.id,\n                        testCaseStartedId,\n                        testStepResult: {\n                            status: messages.TestStepResultStatus.PENDING,\n                            duration: (0, messages_1.duration)(start, end),\n                        },\n                        timestamp: end,\n                    });\n                    remainingSteps.shift();\n                    for (const skippedStep of remainingSteps) {\n                        const testStepId = (0, assertions_1.assertAndReturn)((_b = (_a = skippedStep.hook) === null || _a === void 0 ? void 0 : _a.id) !== null && _b !== void 0 ? _b : (_c = skippedStep.pickleStep) === null || _c === void 0 ? void 0 : _c.id, \"Expected a step to either be a hook or a pickleStep\");\n                        taskTestStepStarted({\n                            testStepId,\n                            testCaseStartedId,\n                            timestamp: (0, messages_1.createTimestamp)(),\n                        });\n                        taskTestStepFinished({\n                            testStepId,\n                            testCaseStartedId,\n                            testStepResult: {\n                                status: messages.TestStepResultStatus.SKIPPED,\n                                duration: {\n                                    seconds: 0,\n                                    nanos: 0,\n                                },\n                            },\n                            timestamp: (0, messages_1.createTimestamp)(),\n                        });\n                    }\n                }\n                for (let i = 0, count = remainingSteps.length; i < count; i++) {\n                    remainingSteps.pop();\n                }\n                cy.then(() => this.skip());\n            }\n            else {\n                if (context.messagesEnabled) {\n                    taskTestStepFinished({\n                        testStepId: pickleStep.id,\n                        testCaseStartedId,\n                        testStepResult: {\n                            status: messages.TestStepResultStatus.PASSED,\n                            duration: (0, messages_1.duration)(start, end),\n                        },\n                        timestamp: end,\n                    });\n                }\n                remainingSteps.shift();\n            }\n        });\n    }\n}",
              "err": {},
              "uuid": "9d7e438a-d8de-442c-8718-ae2f951869e6",
              "parentUUID": "13adeef7-356d-4281-89a4-821986fb97c2",
              "isHook": false,
              "skipped": false
            }
          ],
          "suites": [],
          "passes": [
            "864c4dd6-3754-433a-95b1-3a69a3bafbcb",
            "89d708fb-4f79-4e2e-b400-74823cf89d81",
            "279fbda5-5a1d-4c4d-9a85-e6d4b5d0a862",
            "9452ce90-760b-4b94-87ff-5ecc2743cbca",
            "4f7d656b-35d1-4f26-81bd-30255c88e8d1",
            "47621820-937c-4390-b47d-52ac3f68b4cf",
            "9d7e438a-d8de-442c-8718-ae2f951869e6"
          ],
          "failures": [],
          "pending": [],
          "skipped": [],
          "duration": 113170,
          "root": false,
          "rootEmpty": false,
          "_timeout": 2000
        }
      ],
      "passes": [],
      "failures": [],
      "pending": [],
      "skipped": [],
      "duration": 0,
      "root": true,
      "rootEmpty": true,
      "_timeout": 2000
    }
  ],
  "meta": {
    "mocha": {
      "version": "7.0.1"
    },
    "mochawesome": {
      "options": {
        "quiet": false,
        "reportFilename": "mochawesome",
        "saveHtml": true,
        "saveJson": true,
        "consoleReporter": "spec",
        "useInlineDiffs": false,
        "code": true
      },
      "version": "7.1.3"
    },
    "marge": {
      "options": {
        "reportDir": "cypress/reports",
        "overwrite": false,
        "html": true,
        "assets": {
          "videosFolder": "videos"
        }
      },
      "version": "6.2.0"
    }
  }
}